mktextfm FandolSong/OT
mktextfm FandolSong/OT
mktextfm FandolSong/OT
mktextfm FandolSong/BI/OT
mktextfm FandolSong/OT
mktextfm FandolSong/B/OT
mktextfm FandolSong/OT
mktextfm FandolSong/I/OT
mktextfm FandolSong/OT
mktextfm FandolSong/OT
mktextfm FandolHei/OT
mktextfm FandolHei/OT
mktextfm FandolHei/OT
mktextfm FandolHei/BI/OT
mktextfm FandolHei/OT
mktextfm FandolHei/B/OT
mktextfm FandolHei/OT
mktextfm FandolHei/I/OT
mktextfm FandolHei/OT
mktextfm FandolHei/OT
mktextfm FandolHei/OT
mktextfm FandolHei/OT
mktextfm FandolHei/OT
mktextfm FandolHei/OT
mktextfm FandolHei/OT
mktextfm FandolHei/OT
mktextfm FandolSong/OT
mktextfm FandolSong/OT
mktextfm FandolSong/OT
mktextfm FandolSong/BI/OT
mktextfm FandolSong/OT
mktextfm FandolSong/B/OT
mktextfm FandolSong/OT
mktextfm FandolSong/I/OT
mktextfm FandolSong/OT
mktextfm FandolSong/OT
mktextfm FandolHei/OT
mktextfm FandolHei/OT
mktextfm FandolHei/OT
mktextfm FandolHei/BI/OT
mktextfm FandolHei/OT
mktextfm FandolHei/B/OT
mktextfm FandolHei/OT
mktextfm FandolHei/I/OT
mktextfm FandolHei/OT
mktextfm FandolHei/OT
mktextfm FandolHei/OT
mktextfm FandolHei/OT
mktextfm FandolHei/OT
mktextfm FandolHei/OT
mktextfm FandolHei/OT
mktextfm FandolHei/OT
mktextfm FandolFang/OT
mktextfm FandolFang/OT
mktextfm FandolFang/OT
mktextfm FandolFang/BI/OT
mktextfm FandolFang/OT
mktextfm FandolFang/B/OT
mktextfm FandolFang/OT
mktextfm FandolFang/I/OT
mktextfm FandolFang/OT
mktextfm FandolFang/OT
mktextfm FandolHei/OT
mktextfm FandolHei/OT
