\BOOKMARK [1][-]{section.1}{\376\377\170\024\172\166\200\314\146\157\116\016\166\356\150\007}{}% 1
\BOOKMARK [1][-]{section.2}{\376\377\127\372\170\100\173\046\123\367\116\016\117\341\140\157\213\272\200\314\146\157}{}% 2
\BOOKMARK [2][-]{subsection.2.1}{\376\377\173\046\123\367\176\246\133\232}{section.2}% 3
\BOOKMARK [2][-]{subsection.2.2}{\376\377\147\141\116\366\161\265\116\016\226\220\171\301}{section.2}% 4
\BOOKMARK [1][-]{section.3}{\376\377\000C\000E\000M\000-\000m\000a\000i\000n\377\032\200\132\174\173\232\161\122\250\166\204\000\040\000C\000E\000L\000\040\117\060\213\241}{}% 5
\BOOKMARK [2][-]{subsection.3.1}{\376\377\213\255\176\303\140\073\117\123\176\323\147\204}{section.3}% 6
\BOOKMARK [2][-]{subsection.3.2}{\376\377\226\066\153\265\000\040\0000\377\032\122\035\131\313\123\026\116\016\000\040\000w\000a\000r\000m\000-\000u\000p}{section.3}% 7
\BOOKMARK [2][-]{subsection.3.3}{\376\377\226\066\153\265\000\040\0001\377\032\000m\000i\000n\000i\000-\000b\000a\000t\000c\000h\000\040\121\205\166\204\000\040\000C\000E\000L\000\040\213\241\173\227}{section.3}% 8
\BOOKMARK [2][-]{subsection.3.4}{\376\377\226\066\153\265\000\040\0002\377\032\200\132\174\173\176\337\213\241\122\067\145\260}{section.3}% 9
\BOOKMARK [2][-]{subsection.3.5}{\376\377\117\341\140\157\213\272\211\343\221\312}{section.3}% 10
\BOOKMARK [2][-]{subsection.3.6}{\376\377\131\015\147\102\136\246\060\001\117\030\160\271\116\016\134\100\226\120}{section.3}% 11
\BOOKMARK [1][-]{section.4}{\376\377\000g\000a\000t\000e\000d\000-\000a\000t\000t\377\032\225\350\143\247\154\350\141\017\122\233\232\161\122\250\166\204\000\040\000C\000E\000L}{}% 12
\BOOKMARK [2][-]{subsection.4.1}{\376\377\213\276\213\241\122\250\147\072\116\016\232\330\134\102\150\106\147\266}{section.4}% 13
\BOOKMARK [2][-]{subsection.4.2}{\376\377\154\350\141\017\122\233\152\041\127\127\176\323\147\204}{section.4}% 14
\BOOKMARK [2][-]{subsection.4.3}{\376\377\000C\000E\000L\000\040\143\250\133\374}{section.4}% 15
\BOOKMARK [2][-]{subsection.4.4}{\376\377\150\257\136\246\122\006\147\220}{section.4}% 16
\BOOKMARK [2][-]{subsection.4.5}{\376\377\000w\000a\000r\000m\000-\000u\000p\000\040\116\016\177\051\145\076\166\204\137\305\211\201\140\047}{section.4}% 17
\BOOKMARK [2][-]{subsection.4.6}{\376\377\117\341\140\157\213\272\226\020\221\312}{section.4}% 18
\BOOKMARK [2][-]{subsection.4.7}{\376\377\213\241\173\227\162\171\137\201}{section.4}% 19
\BOOKMARK [1][-]{section.5}{\376\377\116\044\171\315\145\271\154\325\166\204\155\361\121\145\133\371\153\324}{}% 20
\BOOKMARK [2][-]{subsection.5.1}{\376\377\145\160\133\146\117\247\227\142}{section.5}% 21
\BOOKMARK [2][-]{subsection.5.2}{\376\377\135\345\172\013\117\247\227\142}{section.5}% 22
\BOOKMARK [1][-]{section.6}{\376\377\142\151\134\125\171\072\117\213\116\016\176\306\202\202\157\024\173\227}{}% 23
\BOOKMARK [2][-]{subsection.6.1}{\376\377\171\072\117\213\213\276\133\232}{section.6}% 24
\BOOKMARK [2][-]{subsection.6.2}{\376\377\200\132\174\173\154\325\213\346\211\343}{section.6}% 25
\BOOKMARK [2][-]{subsection.6.3}{\376\377\154\350\141\017\122\233\154\325\213\346\211\343}{section.6}% 26
\BOOKMARK [1][-]{section.7}{\376\377\213\255\176\303\136\372\213\256\116\016\214\003\123\302\176\317\232\214}{}% 27
\BOOKMARK [2][-]{subsection.7.1}{\376\377\200\132\174\173\154\325}{section.7}% 28
\BOOKMARK [2][-]{subsection.7.2}{\376\377\154\350\141\017\122\233\154\325}{section.7}% 29
\BOOKMARK [1][-]{section.8}{\376\377\131\015\163\260\155\101\172\013\151\202\217\360}{}% 30
\BOOKMARK [2][-]{subsection.8.1}{\376\377\131\015\163\260\000\040\000C\000E\000M\000-\000m\000a\000i\000n}{section.8}% 31
\BOOKMARK [2][-]{subsection.8.2}{\376\377\131\015\163\260\000\040\000g\000a\000t\000e\000d\000-\000a\000t\000t}{section.8}% 32
\BOOKMARK [1][-]{section.9}{\376\377\176\323\213\272\116\016\134\125\147\033}{}% 33
\BOOKMARK [1][-]{appendix.A}{\376\377\226\104\137\125\000\040\000A\377\032\147\141\116\366\161\265\116\016\145\271\135\356\166\204\121\163\174\373\143\250\133\374}{}% 34
\BOOKMARK [1][-]{appendix.B}{\376\377\226\104\137\125\000\040\000B\377\032\154\350\141\017\122\233\147\103\221\315\166\204\150\257\136\246\176\306\202\202}{}% 35
