\BOOKMARK [1][-]{section.1}{\376\377\137\025\212\000\116\016\145\164\117\123\166\356\150\007}{}% 1
\BOOKMARK [1][-]{section.2}{\376\377\176\337\116\000\173\046\123\367\176\246\133\232}{}% 2
\BOOKMARK [1][-]{section.3}{\376\377\000C\000E\000M\000-\000m\000a\000i\000n\000\040\116\055\166\204\000\040\000C\000E\000L\000\040\213\241\173\227\155\101\172\013}{}% 3
\BOOKMARK [2][-]{subsection.3.1}{\376\377\140\073\117\123\140\035\215\357}{section.3}% 4
\BOOKMARK [2][-]{subsection.3.2}{\376\377\123\237\131\313\145\160\143\156\116\016\176\337\213\241\221\317\147\204\136\372}{section.3}% 5
\BOOKMARK [2][-]{subsection.3.3}{\376\377\213\255\176\303\217\355\116\343\116\055\166\204\000\040\000C\000E\000L\000\040\117\060\213\241}{section.3}% 6
\BOOKMARK [2][-]{subsection.3.4}{\376\377\150\257\136\246\116\016\117\030\123\026}{section.3}% 7
\BOOKMARK [2][-]{subsection.3.5}{\376\377\162\171\140\047\134\017\176\323}{section.3}% 8
\BOOKMARK [1][-]{section.4}{\376\377\000g\000a\000t\000e\000d\000-\000a\000t\000t\000\040\116\055\166\204\000\040\000C\000E\000L\000\040\213\241\173\227\155\101\172\013}{}% 9
\BOOKMARK [2][-]{subsection.4.1}{\376\377\140\073\117\123\140\035\215\357}{section.4}% 10
\BOOKMARK [2][-]{subsection.4.2}{\376\377\123\237\131\313\145\160\143\156\116\016\142\171\121\205\131\004\164\006}{section.4}% 11
\BOOKMARK [2][-]{subsection.4.3}{\376\377\000C\000E\000L\000\040\213\241\173\227\121\154\137\017}{section.4}% 12
\BOOKMARK [2][-]{subsection.4.4}{\376\377\150\257\136\246\116\016\117\030\123\026}{section.4}% 13
\BOOKMARK [2][-]{subsection.4.5}{\376\377\162\171\140\047\134\017\176\323}{section.4}% 14
\BOOKMARK [1][-]{section.5}{\376\377\153\145\232\244\133\371\153\324\116\016\145\366\225\364\000/\172\172\225\364\137\000\225\000\122\006\147\220}{}% 15
\BOOKMARK [1][-]{section.6}{\376\377\142\113\135\345\171\072\117\213\377\032\116\011\174\173\116\214\176\364\162\171\137\201\166\204\133\214\145\164\143\250\133\374}{}% 16
\BOOKMARK [2][-]{subsection.6.1}{\376\377\000C\000E\000M\000-\000m\000a\000i\000n\000\040\213\241\173\227\153\145\232\244}{section.6}% 17
\BOOKMARK [2][-]{subsection.6.2}{\376\377\000g\000a\000t\000e\000d\000-\000a\000t\000t\000\040\213\241\173\227\153\145\232\244}{section.6}% 18
\BOOKMARK [2][-]{subsection.6.3}{\376\377\171\072\117\213\176\323\213\272}{section.6}% 19
\BOOKMARK [1][-]{section.7}{\376\377\133\236\215\365\136\372\213\256\116\016\214\003\123\302\211\201\160\271}{}% 20
\BOOKMARK [2][-]{subsection.7.1}{\376\377\000C\000E\000M\000-\000m\000a\000i\000n}{section.7}% 21
\BOOKMARK [2][-]{subsection.7.2}{\376\377\000g\000a\000t\000e\000d\000-\000a\000t\000t}{section.7}% 22
\BOOKMARK [1][-]{section.8}{\376\377\176\323\213\272}{}% 23
