\BOOKMARK [1][-]{section.1}{\376\377\170\024\172\166\127\072\146\157\116\016\140\073\117\123\166\356\150\007}{}% 1
\BOOKMARK [1][-]{section.2}{\376\377\176\337\116\000\173\046\123\367\116\016\213\255\176\303\176\323\147\204}{}% 2
\BOOKMARK [1][-]{section.3}{\376\377\000C\000E\000M\000-\000m\000a\000i\000n\377\032\127\372\116\216\200\132\174\173\166\204\147\141\116\366\161\265\153\143\122\031}{}% 3
\BOOKMARK [2][-]{subsection.3.1}{\376\377\232\330\134\102\155\101\172\013\151\202\211\310}{section.3}% 4
\BOOKMARK [2][-]{subsection.3.2}{\376\377\153\145\232\244\000\040\0000\377\032\122\035\131\313\123\026\116\016\000\040\000w\000a\000r\000m\000-\000u\000p}{section.3}% 5
\BOOKMARK [2][-]{subsection.3.3}{\376\377\153\145\232\244\000\040\0001\377\032\121\150\221\317\162\171\137\201\145\066\226\306\116\016\200\132\174\173}{section.3}% 6
\BOOKMARK [2][-]{subsection.3.4}{\376\377\153\145\232\244\000\040\0002\377\032\000m\000i\000n\000i\000-\000b\000a\000t\000c\000h\000\040\121\205\166\204\000\040\000C\000E\000L\000\040\213\304\117\060}{section.3}% 7
\BOOKMARK [2][-]{subsection.3.5}{\376\377\153\145\232\244\000\040\0003\377\032\143\137\131\061\124\010\142\020\116\016\150\257\136\246\117\040\144\255}{section.3}% 8
\BOOKMARK [2][-]{subsection.3.6}{\376\377\147\072\122\066\140\073\176\323}{section.3}% 9
\BOOKMARK [1][-]{section.4}{\376\377\000g\000a\000t\000e\000d\000-\000a\000t\000t\377\032\127\372\116\216\225\350\143\247\154\350\141\017\122\233\166\204\147\141\116\366\161\265\153\143\122\031}{}% 10
\BOOKMARK [2][-]{subsection.4.1}{\376\377\213\276\213\241\121\372\123\321\160\271}{section.4}% 11
\BOOKMARK [2][-]{subsection.4.2}{\376\377\153\145\232\244\000\040\0000\377\032\122\035\131\313\123\026\116\016\000\040\000w\000a\000r\000m\000-\000u\000p}{section.4}% 12
\BOOKMARK [2][-]{subsection.4.3}{\376\377\153\145\232\244\000\040\0001\377\032\142\171\121\205\230\204\131\004\164\006}{section.4}% 13
\BOOKMARK [2][-]{subsection.4.4}{\376\377\153\145\232\244\000\040\0002\377\032\225\350\143\247\154\350\141\017\122\233\147\103\221\315\213\241\173\227}{section.4}% 14
\BOOKMARK [2][-]{subsection.4.5}{\376\377\153\145\232\244\000\040\0003\377\032\122\240\147\103\116\000\226\066\060\001\116\214\226\066\176\337\213\241\116\016\000\040\000C\000E\000L}{section.4}% 15
\BOOKMARK [2][-]{subsection.4.6}{\376\377\153\145\232\244\000\040\0004\377\032\143\137\131\061\124\010\142\020\116\016\150\257\136\246\155\101\124\021}{section.4}% 16
\BOOKMARK [2][-]{subsection.4.7}{\376\377\225\350\143\247\154\350\141\017\122\233\123\321\143\045\117\134\165\050\166\204\166\364\211\302\211\343\221\312}{section.4}% 17
\BOOKMARK [2][-]{subsection.4.8}{\376\377\133\214\145\164\117\052\116\343\170\001}{section.4}% 18
\BOOKMARK [1][-]{section.5}{\376\377\116\044\171\315\145\271\154\325\166\204\133\371\153\324\116\016\140\035\200\003}{}% 19
\BOOKMARK [1][-]{section.6}{\376\377\213\346\134\075\171\072\117\213\377\032\116\011\174\173\116\214\176\364\162\171\137\201}{}% 20
\BOOKMARK [2][-]{subsection.6.1}{\376\377\200\132\174\173\154\325}{section.6}% 21
\BOOKMARK [2][-]{subsection.6.2}{\376\377\225\350\143\247\154\350\141\017\122\233\154\325}{section.6}% 22
\BOOKMARK [1][-]{section.7}{\376\377\133\236\215\365\136\372\213\256}{}% 23
\BOOKMARK [1][-]{section.8}{\376\377\140\073\176\323}{}% 24
